<?xml version="1.0" encoding="UTF-8"?>
<testng-results skipped="0" failed="0" total="1" passed="1">
  <reporter-output>
  </reporter-output>
  <suite name="Test" duration-ms="40" started-at="2021-08-13T12:01:05Z" finished-at="2021-08-13T12:01:05Z">
    <groups>
    </groups>
    <test name="Command line test" duration-ms="40" started-at="2021-08-13T12:01:05Z" finished-at="2021-08-13T12:01:05Z">
      <class name="Test">
        <test-method status="PASS" signature="m1()[pri:0, instance:Test@5e025e70]" name="m1" duration-ms="13" started-at="2021-08-13T17:31:05Z" finished-at="2021-08-13T17:31:05Z">
          <reporter-output>
          </reporter-output>
        </test-method> <!-- m1 -->
      </class> <!-- Test -->
    </test> <!-- Command line test -->
  </suite> <!-- Test -->
</testng-results>
