<?xml version="1.0" encoding="UTF-8"?>
<testng-results total="1" passed="1" failed="0" skipped="0">
  <reporter-output>
  </reporter-output>
  <suite started-at="2021-08-13T11:22:45Z" name="Test" finished-at="2021-08-13T11:22:45Z" duration-ms="39">
    <groups>
    </groups>
    <test started-at="2021-08-13T11:22:45Z" name="Command line test" finished-at="2021-08-13T11:22:45Z" duration-ms="39">
      <class name="Test">
        <test-method signature="m1()[pri:0, instance:Test@ec756bd]" started-at="2021-08-13T16:52:45Z" name="m1" finished-at="2021-08-13T16:52:45Z" duration-ms="16" status="PASS">
          <reporter-output>
          </reporter-output>
        </test-method> <!-- m1 -->
      </class> <!-- Test -->
    </test> <!-- Command line test -->
  </suite> <!-- Test -->
</testng-results>
